c:\users\sunny\desktop\projects\sdl\sdl2project\sdl2project\debug\vc120.pdb
c:\users\sunny\desktop\projects\sdl\sdl2project\sdl2project\debug\vc120.idb
c:\users\sunny\desktop\projects\sdl\sdl2project\sdl2project\debug\ccollisionrectangle.obj
c:\users\sunny\desktop\projects\sdl\sdl2project\sdl2project\debug\cconsole.obj
c:\users\sunny\desktop\projects\sdl\sdl2project\sdl2project\debug\cenvironment.obj
c:\users\sunny\desktop\projects\sdl\sdl2project\sdl2project\debug\cfont.obj
c:\users\sunny\desktop\projects\sdl\sdl2project\sdl2project\debug\cmain.obj
c:\users\sunny\desktop\projects\sdl\sdl2project\sdl2project\debug\ctree.obj
c:\users\sunny\desktop\projects\sdl\sdl2project\sdl2project\debug\cmaincharacter.obj
c:\users\sunny\desktop\projects\sdl\sdl2project\sdl2project\debug\zlltest.obj
c:\users\sunny\desktop\projects\sdl\sdl2project\sdl2project\debug\zlldodecaedru.obj
c:\users\sunny\desktop\projects\sdl\sdl2project\sdl2project\debug\zllgeometricobj.obj
c:\users\sunny\desktop\projects\sdl\sdl2project\sdl2project\debug\zllprimitives.obj
c:\users\sunny\desktop\projects\sdl\sdl2project\sdl2project\debug\zllviewport.obj
c:\users\sunny\desktop\projects\sdl\sdl2project\sdl2project\debug\zllworldcoord.obj
c:\users\sunny\desktop\projects\sdl\sdl2project\sdl2project\debug\zllworldspace.obj
c:\users\sunny\desktop\projects\sdl\sdl2project\sdl2project\debug\rpg.obj
c:\users\sunny\desktop\projects\sdl\sdl2project\sdl2project\debug\csdl_setup.obj
c:\users\sunny\desktop\projects\sdl\sdl2project\sdl2project\debug\csprite.obj
c:\users\sunny\desktop\projects\sdl\sdl2project\sdl2project\debug\stdafx.obj
c:\users\sunny\desktop\projects\sdl\sdl2project\sdl2project\debug\help.obj
c:\users\sunny\desktop\projects\sdl\sdl2project\sdl2project\debug\_tools.obj
c:\users\sunny\desktop\projects\sdl\sdl2project\debug\sdl2project.exe
c:\users\sunny\desktop\projects\sdl\sdl2project\debug\sdl2project.pdb
c:\users\sunny\desktop\projects\sdl\sdl2project\sdl2project\debug\sdl2project.tlog\cl.command.1.tlog
c:\users\sunny\desktop\projects\sdl\sdl2project\sdl2project\debug\sdl2project.tlog\cl.read.1.tlog
c:\users\sunny\desktop\projects\sdl\sdl2project\sdl2project\debug\sdl2project.tlog\cl.write.1.tlog
c:\users\sunny\desktop\projects\sdl\sdl2project\sdl2project\debug\sdl2project.tlog\link.command.1.tlog
c:\users\sunny\desktop\projects\sdl\sdl2project\sdl2project\debug\sdl2project.tlog\link.read.1.tlog
c:\users\sunny\desktop\projects\sdl\sdl2project\sdl2project\debug\sdl2project.tlog\link.write.1.tlog
